c10:28:50 PM - Starting compilation in watch mode...


10:28:56 PM - Found 0 errors. Watching for file changes.
c10:30:27 PM - File change detected. Starting incremental compilation...


10:30:27 PM - Found 0 errors. Watching for file changes.
c10:30:47 PM - File change detected. Starting incremental compilation...


10:30:47 PM - Found 0 errors. Watching for file changes.
c10:30:57 PM - File change detected. Starting incremental compilation...


10:30:57 PM - Found 0 errors. Watching for file changes.
c10:32:40 PM - File change detected. Starting incremental compilation...


10:32:40 PM - Found 0 errors. Watching for file changes.
c10:34:09 PM - File change detected. Starting incremental compilation...

src/lib/send-sms.ts(9,5): error TS1109: Expression expected.
src/lib/send-sms.ts(12,5): error TS1109: Expression expected.

10:34:09 src/lib/send-sms.ts(9,5): error TS1109: Expressic10:34:39 PM - File change detected. Starting incremental compilation...

src/lib/send-sms.ts(9,5): error TS1109: Expression expected.

10:34:40 PM - Found 1 error. Watching for file changes.
c10:35:05 PM - File change detected. Starting incremental compilation...

src/lib/send-sms.ts(10,5): error TS1109: Expression expected.

10:35:05 PM - Found 1 error. Watching for file changes.
c10:35:06 PM - File change detected. Starting incremental compilation...

src/lib/send-sms.ts(10,5): error TS1109: Expression expected.

10:35:06 PM - Found 1 error. Watching for file changes.
c10:35:09 PM - File change detected. Starting incremental compilation...

src/lib/send-sms.ts(10,5): error TS1109: Expression expected.

10:35:09 PM - Found 1 error. Watching for file changes.
c10:35:25 PM - File change detected. Starting incremental compilation...

src/lib/send-sms.ts(10,5): error TS1109: Expression expected.

10:35:25 PM - Found 1 error. Watching for file changes.
c10:35:40 PM - File change detected. Starting incremental compilation...

src/lib/send-sms.ts(10,5): error TS1109: Expression expected.

10:35:40 PM - Found 1 error. Watching for file changes.
c10:35:46 PM - File change detected. Starting incremental compilation...

src/lib/send-sms.ts(10,5): error TS1109: Expression expected.

10:35:46 PM - Found 1 error. Watching for file changes.
c10:36:54 PM - File change detected. Starting incremental compilation...

src/lib/send-sms.ts(10,5): error TS1109: Expression expected.

10:36:54 PM - Found 1 error. Watching for file changes.
c10:37:19 PM - File change detected. Starting incremental compilation...

src/lib/send-sms.ts(10,5): error TS1109: Expression expected.

10:37:19 PM - Found 1 error. Watching for file changes.
c10:37:20 PM - File change detected. Starting incremental compilation...

src/lib/send-sms.ts(10,5): error TS1109: Expression expected.

10:37:20 PM - Found 1 error. Watching for file changes.
c10:37:44 PM - File change detected. Starting incremental compilation...

src/lib/send-sms.ts(10,5): error TS1109: Expression expected.

10:37:44 PM - Found 1 error. Watching for file changes.
c10:38:08 PM - File change detected. Starting incremental compilation...

src/lib/send-sms.ts(10,5): error TS1109: Expression expected.

10:38:08 PM - Found 1 error. Watching for file changes.
c10:38:36 PM - File change detected. Starting incremental compilation...

src/lib/send-sms.ts(10,5): error TS1109: Expression expected.
src/lib/send-sms.ts(16,13): error TS1005: ',' expected.

10:38:36 PM - src/lib/send-sms.ts(10,5): error TS1109: Exc10:39:00 PM - File change detected. Starting incremental compilation...

src/lib/send-sms.ts(10,5): error TS1109: Expression expected.
src/lib/send-sms.ts(16,13): error TS1005: ',' expected.

10:39:00 PM - src/lib/send-sms.ts(10,5): error TS1109: Exc10:39:03 PM - File change detected. Starting incremental compilation...

src/lib/send-sms.ts(10,5): error TS1109: Expression expected.
src/lib/send-sms.ts(16,13): error TS1005: ',' expected.

10:39:03 PM - src/lib/send-sms.ts(10,5): error TS1109: Exc10:39:19 PM - File change detected. Starting incremental compilation...

src/lib/send-sms.ts(10,5): error TS1109: Expression expected.

10:39:19 PM - Found 1 error. Watching for file changes.
c10:39:52 PM - File change detected. Starting incremental compilation...

src/lib/send-sms.ts(10,5): error TS1109: Expression expected.

10:39:52 PM - Found 1 error. Watching for file changes.
c10:39:54 PM - File change detected. Starting incremental compilation...

src/lib/send-sms.ts(10,5): error TS1109: Expression expected.

10:39:54 PM - Found 1 error. Watching for file changes.
c10:40:53 PM - File change detected. Starting incremental compilation...

src/lib/send-sms.ts(11,5): error TS1109: Expression expected.

10:40:53 PM - Found 1 error. Watching for file changes.
c10:41:03 PM - File change detected. Starting incremental compilation...

src/lib/send-sms.ts(11,5): error TS1109: Expression expected.

10:41:03 PM - Found 1 error. Watching for file changes.
c10:41:18 PM - File change detected. Starting incremental compilation...

src/lib/send-sms.ts(11,5): error TS1109: Expression expected.

10:41:18 PM - Found 1 error. Watching for file changes.
c10:41:22 PM - File change detected. Starting incremental compilation...

src/lib/send-sms.ts(10,5): error TS1109: Expression expected.

10:41:22 PM - Found 1 error. Watching for file changes.
c10:41:35 PM - File change detected. Starting incremental compilation...

src/lib/send-sms.ts(11,5): error TS1109: Expression expected.

10:41:35 PM - Found 1 error. Watching for file changes.
c10:41:57 PM - File change detected. Starting incremental compilation...

src/lib/send-sms.ts(24,9): error TS1136: Property assignment expected.
src/lib/send-sms.ts(27,5): error TS1135: Argument expression esrc/lib/send-sms.ts(24,9): error TS1136: Property assignment expected.
src/lib/send-sms.ts(27,5): error TS1135: Argument expression expected.
src/lib/send-sms.ts(27,8): error TS1134: Variable declaration expected.
src/lib/send-sms.ts(29,2): error TS1005: ';' expected.
sc10:42:00 PM - File change detected. Starting incremental compilation...

src/lib/send-sms.ts(10,19): error TS2345: Argument of type '{ Message: { Subject: { Data: any; }; Body: { Html: { Data: any; }; }; };src/lib/send-sms.ts(10,19): error TS2345: Argument of type '{ Message: { Subject: { Data: any; }; Body: { Html: { Data: any; }; }; }; Destination: { ToAddresses: string[]; }; }' is not assignable to parameter of type 'SendEmailRequest'.
  Property 'Source' is missing in type '{ Message: { Subject: { Data: any; }; Body: { Html: { Data: any; };src/lib/send-smsc10:42:01 PM - File change detected. Starting incremental compilation...

src/lib/send-sms.ts(10,19): error TS2345: Argument of type '{ Message: { Subject: { Data: any; }; Body: { Html: { Data: any; }; }; };src/lib/send-sms.ts(10,19): error TS2345: Argument of type '{ Message: { Subject: { Data: any; }; Body: { Html: { Data: any; }; }; }; Destination: { ToAddresses: string[]; }; }' is not assignable to parameter of type 'SendEmailRequest'.
  Property 'Source' is missing in type '{ Message: { Subject: { Data: any; }; Body: { Html: { Data: any; };src/lib/send-smsc10:43:04 PM - File change detected. Starting incremental compilation...

src/lib/send-sms.ts(25,5): error TS1005: ':' expected.

10:43:04 PM - Found 1 error. Watching for file changes.
c10:43:21 PM - File change detected. Starting incremental compilation...

src/lib/send-sms.ts(25,5): error TS1005: ':' expected.

10:43:21 PM - Found 1 error. Watching for file changes.
c10:43:26 PM - File change detected. Starting incremental compilation...

src/lib/send-sms.ts(25,26): error TS2554: Expected 0-2 arguments, but got 3.

10:43:26 PM - Found 1 error. Watching for file changes.sc10:43:45 PM - File change detected. Starting incremental compilation...

src/lib/send-sms.ts(25,26): error TS2554: Expected 0-2 arguments, but got 3.
src/lib/send-sms.ts(25,27): error TS7006: Parameter 'errsrc/lib/send-sms.ts(25,26): error TS2554: Expected 0-2 arguments, but got 3.
src/lib/send-sms.ts(25,27): error TS7006: Parameter 'err' implicitly has an 'any' type.
src/lib/send-sc10:43:57 PM - File change detected. Starting incremental compilation...

src/lib/send-sms.ts(10,19): error TS2345: Argument of type '{ Message: { Subject: { Data: any; }; Body: { Html: { Data: any; }; }; };src/lib/send-sms.ts(10,19): error TS2345: Argument of type '{ Message: { Subject: { Data: any; }; Body: { Html: { Data: any; }; }; }; Destination: { ToAddresses: string[]; }; }' is not assignable to parameter of type 'SendEmailRequest'.
  Property 'Source' is missing in type '{ Message: { Subject: { Data: any; }; Body: { Html: { Data: any; };src/lib/send-smsc10:44:19 PM - File change detected. Starting incremental compilation...


10:44:19 PM - Found 0 errors. Watching for file changes.
c10:44:33 PM - File change detected. Starting incremental compilation...


10:44:33 PM - Found 0 errors. Watching for file changes.
c10:44:42 PM - File change detected. Starting incremental compilation...

src/lib/send-sms.ts(10,24): error TS2345: Argument of type 'Request<SendEmailResponse, AWSError>' is not assignable to parameter of tsrc/lib/send-sms.ts(10,24): error TS2345: Argument of type 'Request<SendEmailResponse, AWSError>' is not assignable to parameter of type '(resolve: (value?: unknown) => void, reject: (reason?: any) => void) => void'.
  Type 'Request<SendEmailResponse, AWSError>' provides no match for the signature '(c10:44:56 PM - File change detected. Starting incremental compilation...


10:44:56 PM - Found 0 errors. Watching for file changes.
c10:45:13 PM - File change detected. Starting incremental compilation...


10:45:13 PM - Found 0 errors. Watching for file changes.
c10:46:11 PM - File change detected. Starting incremental compilation...


10:46:11 PM - Found 0 errors. Watching for file changes.
c10:47:01 PM - File change detected. Starting incremental compilation...


10:47:01 PM - Found 0 errors. Watching for file changes.
c10:47:31 PM - File change detected. Starting incremental compilation...


10:47:42 PM - Found 0 errors. Watching for file changes.
c10:47:31 PM - File change detected. Starting incremental compilation...


10:47:41 PM - Found 0 errors. Watching for file changes.
tal compilation...


10:46:11 PM - Found 0 errors. Watching for file changes.
c10:47:01 PM - File change detected. Starting incremental compilation...


10:47:01 PM - Found 0 errors. Watching for file changes.
c10:47:31 PM - File change detected. Starting incremental compilation...


10:47:41 PM - Found 0 errors. Watching for file changes.
c10:47:30 PM - File change detected. Starting incremental compilation...


10:47:40 PM - Found 0 errors. Watching for file changes.
ion...


10:47:01 PM - Found 0 errors. Watching for file changes.
c10:47:31 PM - File change detected. Starting incremental compilation...


10:47:37 PM - Found 0 errors. Watching for file changes.
